2021-12-24 10:53:40,887 [INFO] com.example.springboot.SpringbootAngularApplication [main] Starting SpringbootAngularApplication on DESKTOP-K78HO3M with PID 7068 (D:\POC's\Angular_Springboot_Mysql\springboot-backend\target\classes started by Basha in D:\POC's\Angular_Springboot_Mysql\springboot-backend)
2021-12-24 10:53:40,890 [INFO] com.example.springboot.SpringbootAngularApplication [main] No active profile set, falling back to default profiles: default
2021-12-24 10:53:41,606 [INFO] org.springframework.data.repository.config.RepositoryConfigurationDelegate [main] Bootstrapping Spring Data JPA repositories in DEFERRED mode.
2021-12-24 10:53:41,665 [INFO] org.springframework.data.repository.config.RepositoryConfigurationDelegate [main] Finished Spring Data repository scanning in 50ms. Found 1 JPA repository interfaces.
2021-12-24 10:53:42,384 [INFO] org.springframework.boot.web.embedded.tomcat.TomcatWebServer [main] Tomcat initialized with port(s): 8080 (http)
2021-12-24 10:53:42,395 [INFO] org.apache.catalina.core.StandardService [main] Starting service [Tomcat]
2021-12-24 10:53:42,395 [INFO] org.apache.catalina.core.StandardEngine [main] Starting Servlet engine: [Apache Tomcat/9.0.37]
2021-12-24 10:53:42,531 [INFO] org.apache.catalina.core.ContainerBase.[Tomcat].[localhost].[/] [main] Initializing Spring embedded WebApplicationContext
2021-12-24 10:53:42,532 [INFO] org.springframework.boot.web.servlet.context.ServletWebServerApplicationContext [main] Root WebApplicationContext: initialization completed in 1593 ms
2021-12-24 10:53:42,766 [INFO] org.springframework.scheduling.concurrent.ThreadPoolTaskExecutor [main] Initializing ExecutorService 'applicationTaskExecutor'
2021-12-24 10:53:42,815 [INFO] org.hibernate.jpa.internal.util.LogHelper [task-1] HHH000204: Processing PersistenceUnitInfo [name: default]
2021-12-24 10:53:42,861 [WARN] org.springframework.boot.autoconfigure.orm.jpa.JpaBaseConfiguration$JpaWebConfiguration [main] spring.jpa.open-in-view is enabled by default. Therefore, database queries may be performed during view rendering. Explicitly configure spring.jpa.open-in-view to disable this warning
2021-12-24 10:53:42,887 [INFO] org.hibernate.Version [task-1] HHH000412: Hibernate ORM core version 5.4.20.Final
2021-12-24 10:53:43,092 [INFO] org.hibernate.annotations.common.Version [task-1] HCANN000001: Hibernate Commons Annotations {5.1.0.Final}
2021-12-24 10:53:43,253 [INFO] com.zaxxer.hikari.HikariDataSource [task-1] HikariPool-1 - Starting...
2021-12-24 10:53:43,373 [INFO] org.springframework.boot.web.embedded.tomcat.TomcatWebServer [main] Tomcat started on port(s): 8080 (http) with context path ''
2021-12-24 10:53:43,375 [INFO] org.springframework.data.repository.config.DeferredRepositoryInitializationListener [main] Triggering deferred initialization of Spring Data repositories…
2021-12-24 10:53:43,514 [INFO] com.zaxxer.hikari.HikariDataSource [task-1] HikariPool-1 - Start completed.
2021-12-24 10:53:43,533 [INFO] org.hibernate.dialect.Dialect [task-1] HHH000400: Using dialect: org.hibernate.dialect.MySQL5Dialect
2021-12-24 10:53:44,279 [INFO] org.hibernate.engine.transaction.jta.platform.internal.JtaPlatformInitiator [task-1] HHH000490: Using JtaPlatform implementation: [org.hibernate.engine.transaction.jta.platform.internal.NoJtaPlatform]
2021-12-24 10:53:44,288 [INFO] org.springframework.orm.jpa.LocalContainerEntityManagerFactoryBean [task-1] Initialized JPA EntityManagerFactory for persistence unit 'default'
2021-12-24 10:53:44,496 [INFO] org.springframework.data.repository.config.DeferredRepositoryInitializationListener [main] Spring Data repositories initialized!
2021-12-24 10:53:44,504 [INFO] com.example.springboot.SpringbootAngularApplication [main] Started SpringbootAngularApplication in 4.048 seconds (JVM running for 4.576)
2021-12-24 10:54:08,303 [INFO] org.apache.catalina.core.ContainerBase.[Tomcat].[localhost].[/] [http-nio-8080-exec-1] Initializing Spring DispatcherServlet 'dispatcherServlet'
2021-12-24 10:54:08,303 [INFO] org.springframework.web.servlet.DispatcherServlet [http-nio-8080-exec-1] Initializing Servlet 'dispatcherServlet'
2021-12-24 10:54:08,320 [INFO] org.springframework.web.servlet.DispatcherServlet [http-nio-8080-exec-1] Completed initialization in 16 ms
2021-12-24 11:09:43,798 [INFO] com.example.springboot.SpringbootAngularApplication [main] Starting SpringbootAngularApplication on DESKTOP-K78HO3M with PID 11564 (D:\POC's\Angular_Springboot_Mysql\springboot-backend\target\classes started by Basha in D:\POC's\Angular_Springboot_Mysql\springboot-backend)
2021-12-24 11:09:43,800 [INFO] com.example.springboot.SpringbootAngularApplication [main] No active profile set, falling back to default profiles: default
2021-12-24 11:09:44,516 [INFO] org.springframework.data.repository.config.RepositoryConfigurationDelegate [main] Bootstrapping Spring Data JPA repositories in DEFERRED mode.
2021-12-24 11:09:44,576 [INFO] org.springframework.data.repository.config.RepositoryConfigurationDelegate [main] Finished Spring Data repository scanning in 52ms. Found 1 JPA repository interfaces.
2021-12-24 11:09:45,293 [INFO] org.springframework.boot.web.embedded.tomcat.TomcatWebServer [main] Tomcat initialized with port(s): 8080 (http)
2021-12-24 11:09:45,306 [INFO] org.apache.catalina.core.StandardService [main] Starting service [Tomcat]
2021-12-24 11:09:45,307 [INFO] org.apache.catalina.core.StandardEngine [main] Starting Servlet engine: [Apache Tomcat/9.0.37]
2021-12-24 11:09:45,451 [INFO] org.apache.catalina.core.ContainerBase.[Tomcat].[localhost].[/] [main] Initializing Spring embedded WebApplicationContext
2021-12-24 11:09:45,452 [INFO] org.springframework.boot.web.servlet.context.ServletWebServerApplicationContext [main] Root WebApplicationContext: initialization completed in 1600 ms
2021-12-24 11:09:45,684 [INFO] org.springframework.scheduling.concurrent.ThreadPoolTaskExecutor [main] Initializing ExecutorService 'applicationTaskExecutor'
2021-12-24 11:09:45,733 [INFO] org.hibernate.jpa.internal.util.LogHelper [task-1] HHH000204: Processing PersistenceUnitInfo [name: default]
2021-12-24 11:09:45,782 [WARN] org.springframework.boot.autoconfigure.orm.jpa.JpaBaseConfiguration$JpaWebConfiguration [main] spring.jpa.open-in-view is enabled by default. Therefore, database queries may be performed during view rendering. Explicitly configure spring.jpa.open-in-view to disable this warning
2021-12-24 11:09:45,808 [INFO] org.hibernate.Version [task-1] HHH000412: Hibernate ORM core version 5.4.20.Final
2021-12-24 11:09:46,017 [INFO] org.hibernate.annotations.common.Version [task-1] HCANN000001: Hibernate Commons Annotations {5.1.0.Final}
2021-12-24 11:09:46,183 [INFO] com.zaxxer.hikari.HikariDataSource [task-1] HikariPool-1 - Starting...
2021-12-24 11:09:46,295 [INFO] org.springframework.boot.web.embedded.tomcat.TomcatWebServer [main] Tomcat started on port(s): 8080 (http) with context path ''
2021-12-24 11:09:46,297 [INFO] org.springframework.data.repository.config.DeferredRepositoryInitializationListener [main] Triggering deferred initialization of Spring Data repositories…
2021-12-24 11:09:46,442 [INFO] com.zaxxer.hikari.HikariDataSource [task-1] HikariPool-1 - Start completed.
2021-12-24 11:09:46,465 [INFO] org.hibernate.dialect.Dialect [task-1] HHH000400: Using dialect: org.hibernate.dialect.MySQL5Dialect
2021-12-24 11:09:47,168 [INFO] org.hibernate.engine.transaction.jta.platform.internal.JtaPlatformInitiator [task-1] HHH000490: Using JtaPlatform implementation: [org.hibernate.engine.transaction.jta.platform.internal.NoJtaPlatform]
2021-12-24 11:09:47,178 [INFO] org.springframework.orm.jpa.LocalContainerEntityManagerFactoryBean [task-1] Initialized JPA EntityManagerFactory for persistence unit 'default'
2021-12-24 11:09:47,386 [INFO] org.springframework.data.repository.config.DeferredRepositoryInitializationListener [main] Spring Data repositories initialized!
2021-12-24 11:09:47,393 [INFO] com.example.springboot.SpringbootAngularApplication [main] Started SpringbootAngularApplication in 4.113 seconds (JVM running for 4.605)
2021-12-24 11:10:45,077 [INFO] org.apache.catalina.core.ContainerBase.[Tomcat].[localhost].[/] [http-nio-8080-exec-2] Initializing Spring DispatcherServlet 'dispatcherServlet'
2021-12-24 11:10:45,077 [INFO] org.springframework.web.servlet.DispatcherServlet [http-nio-8080-exec-2] Initializing Servlet 'dispatcherServlet'
2021-12-24 11:10:45,087 [INFO] org.springframework.web.servlet.DispatcherServlet [http-nio-8080-exec-2] Completed initialization in 10 ms
2021-12-24 11:12:22,487 [INFO] com.example.springboot.controller.EmployeeRestController [http-nio-8080-exec-5] Employee details updated : com.example.springboot.model.Employee@a5bfd70
2021-12-24 11:13:57,874 [INFO] com.example.springboot.controller.EmployeeRestController [http-nio-8080-exec-8] Employee details updated : com.example.springboot.model.Employee@72e336bd
2021-12-24 11:15:07,349 [INFO] com.example.springboot.controller.EmployeeRestController [http-nio-8080-exec-1] Employee details inserted : com.example.springboot.model.Employee@6dfd9783
2021-12-24 11:15:28,770 [INFO] com.example.springboot.controller.EmployeeRestController [http-nio-8080-exec-2] Employee found : com.example.springboot.model.Employee@245f49b5
2021-12-24 11:15:28,784 [INFO] com.example.springboot.controller.EmployeeRestController [http-nio-8080-exec-2] Employee deleted : com.example.springboot.model.Employee@245f49b5
